# JRE version: Java(TM) SE Runtime Environment (13.0.1+9) (build 13.0.1+9)
# Java VM: Java HotSpot(TM) 64-Bit Server VM (13.0.1+9, mixed mode, sharing, tiered, compressed oops, g1 gc, windows-amd64)
Heap:
 garbage-first heap   total 1085440K, used 186016K [0x0000000711e00000, 0x0000000800000000)
  region size 1024K, 1 young (1024K), 1 survivors (1024K)
 Metaspace       used 1323K, capacity 4851K, committed 5120K, reserved 1056768K
  class space    used 93K, capacity 448K, committed 512K, reserved 1048576K
GC Heap History (20 events):
Event: 3.195 GC heap after
{Heap after GC invocations=5 (full 0):
 garbage-first heap   total 245760K, used 50176K [0x0000000711e00000, 0x0000000800000000)
  region size 1024K, 14 young (14336K), 14 survivors (14336K)
 Metaspace       used 1215K, capacity 4851K, committed 5120K, reserved 1056768K
  class space    used 85K, capacity 448K, committed 512K, reserved 1048576K
}
Event: 3.272 GC heap before
{Heap before GC invocations=5 (full 0):
 garbage-first heap   total 245760K, used 151552K [0x0000000711e00000, 0x0000000800000000)
  region size 1024K, 113 young (115712K), 14 survivors (14336K)
 Metaspace       used 1215K, capacity 4851K, committed 5120K, reserved 1056768K
  class space    used 85K, capacity 448K, committed 512K, reserved 1048576K
}
Event: 3.297 GC heap after
{Heap after GC invocations=6 (full 0):
 garbage-first heap   total 245760K, used 67584K [0x0000000711e00000, 0x0000000800000000)
  region size 1024K, 15 young (15360K), 15 survivors (15360K)
 Metaspace       used 1215K, capacity 4851K, committed 5120K, reserved 1056768K
  class space    used 85K, capacity 448K, committed 512K, reserved 1048576K
}
Event: 3.377 GC heap before
{Heap before GC invocations=6 (full 0):
 garbage-first heap   total 245760K, used 165888K [0x0000000711e00000, 0x0000000800000000)
  region size 1024K, 111 young (113664K), 15 survivors (15360K)
 Metaspace       used 1215K, capacity 4851K, committed 5120K, reserved 1056768K
  class space    used 85K, capacity 448K, committed 512K, reserved 1048576K
}
Event: 3.404 GC heap after
{Heap after GC invocations=7 (full 0):
 garbage-first heap   total 326656K, used 92160K [0x0000000711e00000, 0x0000000800000000)
  region size 1024K, 14 young (14336K), 14 survivors (14336K)
 Metaspace       used 1215K, capacity 4851K, committed 5120K, reserved 1056768K
  class space    used 85K, capacity 448K, committed 512K, reserved 1048576K
}
Event: 3.534 GC heap before
{Heap before GC invocations=7 (full 0):
 garbage-first heap   total 326656K, used 203776K [0x0000000711e00000, 0x0000000800000000)
  region size 1024K, 123 young (125952K), 14 survivors (14336K)
 Metaspace       used 1222K, capacity 4851K, committed 5120K, reserved 1056768K
  class space    used 85K, capacity 448K, committed 512K, reserved 1048576K
}
Event: 3.554 GC heap after
{Heap after GC invocations=8 (full 0):
 garbage-first heap   total 326656K, used 110389K [0x0000000711e00000, 0x0000000800000000)
  region size 1024K, 16 young (16384K), 16 survivors (16384K)
 Metaspace       used 1222K, capacity 4851K, committed 5120K, reserved 1056768K
  class space    used 85K, capacity 448K, committed 512K, reserved 1048576K
}
Event: 3.651 GC heap before
{Heap before GC invocations=8 (full 0):
 garbage-first heap   total 326656K, used 224053K [0x0000000711e00000, 0x0000000800000000)
  region size 1024K, 127 young (130048K), 16 survivors (16384K)
 Metaspace       used 1231K, capacity 4851K, committed 5120K, reserved 1056768K
  class space    used 85K, capacity 448K, committed 512K, reserved 1048576K
}
Event: 3.680 GC heap after
{Heap after GC invocations=9 (full 0):
 garbage-first heap   total 326656K, used 134144K [0x0000000711e00000, 0x0000000800000000)
  region size 1024K, 16 young (16384K), 16 survivors (16384K)
 Metaspace       used 1231K, capacity 4851K, committed 5120K, reserved 1056768K
  class space    used 85K, capacity 448K, committed 512K, reserved 1048576K
}
Event: 3.762 GC heap before
{Heap before GC invocations=9 (full 0):
 garbage-first heap   total 326656K, used 235520K [0x0000000711e00000, 0x0000000800000000)
  region size 1024K, 115 young (117760K), 16 survivors (16384K)
 Metaspace       used 1231K, capacity 4851K, committed 5120K, reserved 1056768K
  class space    used 85K, capacity 448K, committed 512K, reserved 1048576K
}
Event: 3.784 GC heap after
{Heap after GC invocations=10 (full 0):
 garbage-first heap   total 326656K, used 151552K [0x0000000711e00000, 0x0000000800000000)
  region size 1024K, 15 young (15360K), 15 survivors (15360K)
 Metaspace       used 1231K, capacity 4851K, committed 5120K, reserved 1056768K
  class space    used 85K, capacity 448K, committed 512K, reserved 1048576K
}
Event: 3.872 GC heap before
{Heap before GC invocations=10 (full 0):
 garbage-first heap   total 326656K, used 245760K [0x0000000711e00000, 0x0000000800000000)
  region size 1024K, 107 young (109568K), 15 survivors (15360K)
 Metaspace       used 1231K, capacity 4851K, committed 5120K, reserved 1056768K
  class space    used 85K, capacity 448K, committed 512K, reserved 1048576K
}
Event: 3.895 GC heap after
{Heap after GC invocations=11 (full 0):
 garbage-first heap   total 542720K, used 166766K [0x0000000711e00000, 0x0000000800000000)
  region size 1024K, 14 young (14336K), 14 survivors (14336K)
 Metaspace       used 1231K, capacity 4851K, committed 5120K, reserved 1056768K
  class space    used 85K, capacity 448K, committed 512K, reserved 1048576K
}
Event: 4.215 GC heap before
{Heap before GC invocations=11 (full 0):
 garbage-first heap   total 542720K, used 327534K [0x0000000711e00000, 0x0000000800000000)
  region size 1024K, 171 young (175104K), 14 survivors (14336K)
 Metaspace       used 1238K, capacity 4851K, committed 5120K, reserved 1056768K
  class space    used 85K, capacity 448K, committed 512K, reserved 1048576K
}
Event: 4.240 GC heap after
{Heap after GC invocations=12 (full 0):
 garbage-first heap   total 542720K, used 186091K [0x0000000711e00000, 0x0000000800000000)
  region size 1024K, 18 young (18432K), 18 survivors (18432K)
 Metaspace       used 1238K, capacity 4851K, committed 5120K, reserved 1056768K
  class space    used 85K, capacity 448K, committed 512K, reserved 1048576K
}
Event: 4.399 GC heap before
{Heap before GC invocations=12 (full 0):
 garbage-first heap   total 542720K, used 356075K [0x0000000711e00000, 0x0000000800000000)
  region size 1024K, 184 young (188416K), 18 survivors (18432K)
 Metaspace       used 1301K, capacity 4851K, committed 5120K, reserved 1056768K
  class space    used 91K, capacity 448K, committed 512K, reserved 1048576K
}
Event: 4.413 GC heap after
{Heap after GC invocations=13 (full 0):
 garbage-first heap   total 542720K, used 189185K [0x0000000711e00000, 0x0000000800000000)
  region size 1024K, 4 young (4096K), 4 survivors (4096K)
 Metaspace       used 1301K, capacity 4851K, committed 5120K, reserved 1056768K
  class space    used 91K, capacity 448K, committed 512K, reserved 1048576K
}
Event: 4.580 GC heap before
{Heap before GC invocations=13 (full 0):
 garbage-first heap   total 542720K, used 391937K [0x0000000711e00000, 0x0000000800000000)
  region size 1024K, 202 young (206848K), 4 survivors (4096K)
 Metaspace       used 1323K, capacity 4851K, committed 5120K, reserved 1056768K
  class space    used 93K, capacity 448K, committed 512K, reserved 1048576K
}
Event: 4.583 GC heap after
{Heap after GC invocations=14 (full 0):
 garbage-first heap   total 542720K, used 186505K [0x0000000711e00000, 0x0000000800000000)
  region size 1024K, 1 young (1024K), 1 survivors (1024K)
 Metaspace       used 1323K, capacity 4851K, committed 5120K, reserved 1056768K
  class space    used 93K, capacity 448K, committed 512K, reserved 1048576K
}
Event: 4.758 GC heap before
{Heap before GC invocations=14 (full 0):
 garbage-first heap   total 542720K, used 430217K [0x0000000711e00000, 0x0000000800000000)
  region size 1024K, 239 young (244736K), 1 survivors (1024K)
 Metaspace       used 1323K, capacity 4851K, committed 5120K, reserved 1056768K
  class space    used 93K, capacity 448K, committed 512K, reserved 1048576K
}

