# JRE version: Java(TM) SE Runtime Environment (13.0.1+9) (build 13.0.1+9)
# Java VM: Java HotSpot(TM) 64-Bit Server VM (13.0.1+9, mixed mode, sharing, tiered, compressed oops, g1 gc, windows-amd64)
Heap:
 garbage-first heap   total 636928K, used 395884K [0x0000000711e00000, 0x0000000800000000)
  region size 1024K, 206 young (210944K), 1 survivors (1024K)
 Metaspace       used 3447K, capacity 5050K, committed 5120K, reserved 1056768K
  class space    used 269K, capacity 470K, committed 512K, reserved 1048576K
GC Heap History (20 events):
Event: 3.389 GC heap before
{Heap before GC invocations=5 (full 0):
 garbage-first heap   total 245760K, used 126461K [0x0000000711e00000, 0x0000000800000000)
  region size 1024K, 99 young (101376K), 10 survivors (10240K)
 Metaspace       used 1212K, capacity 4851K, committed 5120K, reserved 1056768K
  class space    used 85K, capacity 448K, committed 512K, reserved 1048576K
}
Event: 3.408 GC heap after
{Heap after GC invocations=6 (full 0):
 garbage-first heap   total 245760K, used 50824K [0x0000000711e00000, 0x0000000800000000)
  region size 1024K, 13 young (13312K), 13 survivors (13312K)
 Metaspace       used 1212K, capacity 4851K, committed 5120K, reserved 1056768K
  class space    used 85K, capacity 448K, committed 512K, reserved 1048576K
}
Event: 3.466 GC heap before
{Heap before GC invocations=6 (full 0):
 garbage-first heap   total 245760K, used 148104K [0x0000000711e00000, 0x0000000800000000)
  region size 1024K, 108 young (110592K), 13 survivors (13312K)
 Metaspace       used 1212K, capacity 4851K, committed 5120K, reserved 1056768K
  class space    used 85K, capacity 448K, committed 512K, reserved 1048576K
}
Event: 3.489 GC heap after
{Heap after GC invocations=7 (full 0):
 garbage-first heap   total 245760K, used 67584K [0x0000000711e00000, 0x0000000800000000)
  region size 1024K, 14 young (14336K), 14 survivors (14336K)
 Metaspace       used 1212K, capacity 4851K, committed 5120K, reserved 1056768K
  class space    used 85K, capacity 448K, committed 512K, reserved 1048576K
}
Event: 3.547 GC heap before
{Heap before GC invocations=7 (full 0):
 garbage-first heap   total 245760K, used 164864K [0x0000000711e00000, 0x0000000800000000)
  region size 1024K, 109 young (111616K), 14 survivors (14336K)
 Metaspace       used 1212K, capacity 4851K, committed 5120K, reserved 1056768K
  class space    used 85K, capacity 448K, committed 512K, reserved 1048576K
}
Event: 3.577 GC heap after
{Heap after GC invocations=8 (full 0):
 garbage-first heap   total 318464K, used 91648K [0x0000000711e00000, 0x0000000800000000)
  region size 1024K, 14 young (14336K), 14 survivors (14336K)
 Metaspace       used 1212K, capacity 4851K, committed 5120K, reserved 1056768K
  class space    used 85K, capacity 448K, committed 512K, reserved 1048576K
}
Event: 3.663 GC heap before
{Heap before GC invocations=8 (full 0):
 garbage-first heap   total 318464K, used 199168K [0x0000000711e00000, 0x0000000800000000)
  region size 1024K, 119 young (121856K), 14 survivors (14336K)
 Metaspace       used 1216K, capacity 4851K, committed 5120K, reserved 1056768K
  class space    used 85K, capacity 448K, committed 512K, reserved 1048576K
}
Event: 3.682 GC heap after
{Heap after GC invocations=9 (full 0):
 garbage-first heap   total 318464K, used 107925K [0x0000000711e00000, 0x0000000800000000)
  region size 1024K, 15 young (15360K), 15 survivors (15360K)
 Metaspace       used 1216K, capacity 4851K, committed 5120K, reserved 1056768K
  class space    used 85K, capacity 448K, committed 512K, reserved 1048576K
}
Event: 3.761 GC heap before
{Heap before GC invocations=9 (full 0):
 garbage-first heap   total 318464K, used 217493K [0x0000000711e00000, 0x0000000800000000)
  region size 1024K, 122 young (124928K), 15 survivors (15360K)
 Metaspace       used 1228K, capacity 4851K, committed 5120K, reserved 1056768K
  class space    used 85K, capacity 448K, committed 512K, reserved 1048576K
}
Event: 3.785 GC heap after
{Heap after GC invocations=10 (full 0):
 garbage-first heap   total 318464K, used 129939K [0x0000000711e00000, 0x0000000800000000)
  region size 1024K, 16 young (16384K), 16 survivors (16384K)
 Metaspace       used 1228K, capacity 4851K, committed 5120K, reserved 1056768K
  class space    used 85K, capacity 448K, committed 512K, reserved 1048576K
}
Event: 3.843 GC heap before
{Heap before GC invocations=10 (full 0):
 garbage-first heap   total 318464K, used 229267K [0x0000000711e00000, 0x0000000800000000)
  region size 1024K, 113 young (115712K), 16 survivors (16384K)
 Metaspace       used 1228K, capacity 4851K, committed 5120K, reserved 1056768K
  class space    used 85K, capacity 448K, committed 512K, reserved 1048576K
}
Event: 3.862 GC heap after
{Heap after GC invocations=11 (full 0):
 garbage-first heap   total 318464K, used 146944K [0x0000000711e00000, 0x0000000800000000)
  region size 1024K, 15 young (15360K), 15 survivors (15360K)
 Metaspace       used 1228K, capacity 4851K, committed 5120K, reserved 1056768K
  class space    used 85K, capacity 448K, committed 512K, reserved 1048576K
}
Event: 3.916 GC heap before
{Heap before GC invocations=11 (full 0):
 garbage-first heap   total 318464K, used 239104K [0x0000000711e00000, 0x0000000800000000)
  region size 1024K, 105 young (107520K), 15 survivors (15360K)
 Metaspace       used 1228K, capacity 4851K, committed 5120K, reserved 1056768K
  class space    used 85K, capacity 448K, committed 512K, reserved 1048576K
}
Event: 3.938 GC heap after
{Heap after GC invocations=12 (full 0):
 garbage-first heap   total 636928K, used 165350K [0x0000000711e00000, 0x0000000800000000)
  region size 1024K, 14 young (14336K), 14 survivors (14336K)
 Metaspace       used 1228K, capacity 4851K, committed 5120K, reserved 1056768K
  class space    used 85K, capacity 448K, committed 512K, reserved 1048576K
}
Event: 4.198 GC heap before
{Heap before GC invocations=12 (full 0):
 garbage-first heap   total 636928K, used 368102K [0x0000000711e00000, 0x0000000800000000)
  region size 1024K, 212 young (217088K), 14 survivors (14336K)
 Metaspace       used 1235K, capacity 4851K, committed 5120K, reserved 1056768K
  class space    used 85K, capacity 448K, committed 512K, reserved 1048576K
}
Event: 4.223 GC heap after
{Heap after GC invocations=13 (full 0):
 garbage-first heap   total 636928K, used 186639K [0x0000000711e00000, 0x0000000800000000)
  region size 1024K, 20 young (20480K), 20 survivors (20480K)
 Metaspace       used 1235K, capacity 4851K, committed 5120K, reserved 1056768K
  class space    used 85K, capacity 448K, committed 512K, reserved 1048576K
}
Event: 4.403 GC heap before
{Heap before GC invocations=13 (full 0):
 garbage-first heap   total 636928K, used 405775K [0x0000000711e00000, 0x0000000800000000)
  region size 1024K, 234 young (239616K), 20 survivors (20480K)
 Metaspace       used 1298K, capacity 4851K, committed 5120K, reserved 1056768K
  class space    used 91K, capacity 448K, committed 512K, reserved 1048576K
}
Event: 4.418 GC heap after
{Heap after GC invocations=14 (full 0):
 garbage-first heap   total 636928K, used 188979K [0x0000000711e00000, 0x0000000800000000)
  region size 1024K, 3 young (3072K), 3 survivors (3072K)
 Metaspace       used 1298K, capacity 4851K, committed 5120K, reserved 1056768K
  class space    used 91K, capacity 448K, committed 512K, reserved 1048576K
}
Event: 4.586 GC heap before
{Heap before GC invocations=14 (full 0):
 garbage-first heap   total 636928K, used 482867K [0x0000000711e00000, 0x0000000800000000)
  region size 1024K, 290 young (296960K), 3 survivors (3072K)
 Metaspace       used 1320K, capacity 4851K, committed 5120K, reserved 1056768K
  class space    used 93K, capacity 448K, committed 512K, reserved 1048576K
}
Event: 4.589 GC heap after
{Heap after GC invocations=15 (full 0):
 garbage-first heap   total 636928K, used 186988K [0x0000000711e00000, 0x0000000800000000)
  region size 1024K, 1 young (1024K), 1 survivors (1024K)
 Metaspace       used 1320K, capacity 4851K, committed 5120K, reserved 1056768K
  class space    used 93K, capacity 448K, committed 512K, reserved 1048576K
}

