# JRE version: Java(TM) SE Runtime Environment (13.0.1+9) (build 13.0.1+9)
# Java VM: Java HotSpot(TM) 64-Bit Server VM (13.0.1+9, mixed mode, sharing, tiered, compressed oops, g1 gc, windows-amd64)
Heap:
 garbage-first heap   total 1058816K, used 189258K [0x0000000711e00000, 0x0000000800000000)
  region size 1024K, 3 young (3072K), 3 survivors (3072K)
 Metaspace       used 1454K, capacity 4864K, committed 5120K, reserved 1056768K
  class space    used 95K, capacity 451K, committed 512K, reserved 1048576K
GC Heap History (20 events):
Event: 3.158 GC heap after
{Heap after GC invocations=5 (full 0):
 garbage-first heap   total 245760K, used 50472K [0x0000000711e00000, 0x0000000800000000)
  region size 1024K, 14 young (14336K), 14 survivors (14336K)
 Metaspace       used 1224K, capacity 4855K, committed 5120K, reserved 1056768K
  class space    used 85K, capacity 448K, committed 512K, reserved 1048576K
}
Event: 3.212 GC heap before
{Heap before GC invocations=5 (full 0):
 garbage-first heap   total 245760K, used 150824K [0x0000000711e00000, 0x0000000800000000)
  region size 1024K, 112 young (114688K), 14 survivors (14336K)
 Metaspace       used 1224K, capacity 4855K, committed 5120K, reserved 1056768K
  class space    used 85K, capacity 448K, committed 512K, reserved 1048576K
}
Event: 3.236 GC heap after
{Heap after GC invocations=6 (full 0):
 garbage-first heap   total 245760K, used 67557K [0x0000000711e00000, 0x0000000800000000)
  region size 1024K, 14 young (14336K), 14 survivors (14336K)
 Metaspace       used 1224K, capacity 4855K, committed 5120K, reserved 1056768K
  class space    used 85K, capacity 448K, committed 512K, reserved 1048576K
}
Event: 3.306 GC heap before
{Heap before GC invocations=6 (full 0):
 garbage-first heap   total 245760K, used 164837K [0x0000000711e00000, 0x0000000800000000)
  region size 1024K, 109 young (111616K), 14 survivors (14336K)
 Metaspace       used 1224K, capacity 4855K, committed 5120K, reserved 1056768K
  class space    used 85K, capacity 448K, committed 512K, reserved 1048576K
}
Event: 3.334 GC heap after
{Heap after GC invocations=7 (full 0):
 garbage-first heap   total 319488K, used 93184K [0x0000000711e00000, 0x0000000800000000)
  region size 1024K, 14 young (14336K), 14 survivors (14336K)
 Metaspace       used 1224K, capacity 4855K, committed 5120K, reserved 1056768K
  class space    used 85K, capacity 448K, committed 512K, reserved 1048576K
}
Event: 3.426 GC heap before
{Heap before GC invocations=7 (full 0):
 garbage-first heap   total 319488K, used 201728K [0x0000000711e00000, 0x0000000800000000)
  region size 1024K, 120 young (122880K), 14 survivors (14336K)
 Metaspace       used 1225K, capacity 4855K, committed 5120K, reserved 1056768K
  class space    used 85K, capacity 448K, committed 512K, reserved 1048576K
}
Event: 3.444 GC heap after
{Heap after GC invocations=8 (full 0):
 garbage-first heap   total 319488K, used 110592K [0x0000000711e00000, 0x0000000800000000)
  region size 1024K, 15 young (15360K), 15 survivors (15360K)
 Metaspace       used 1225K, capacity 4855K, committed 5120K, reserved 1056768K
  class space    used 85K, capacity 448K, committed 512K, reserved 1048576K
}
Event: 3.525 GC heap before
{Heap before GC invocations=8 (full 0):
 garbage-first heap   total 319488K, used 220160K [0x0000000711e00000, 0x0000000800000000)
  region size 1024K, 122 young (124928K), 15 survivors (15360K)
 Metaspace       used 1240K, capacity 4855K, committed 5120K, reserved 1056768K
  class space    used 85K, capacity 448K, committed 512K, reserved 1048576K
}
Event: 3.550 GC heap after
{Heap after GC invocations=9 (full 0):
 garbage-first heap   total 319488K, used 131534K [0x0000000711e00000, 0x0000000800000000)
  region size 1024K, 16 young (16384K), 16 survivors (16384K)
 Metaspace       used 1240K, capacity 4855K, committed 5120K, reserved 1056768K
  class space    used 85K, capacity 448K, committed 512K, reserved 1048576K
}
Event: 3.602 GC heap before
{Heap before GC invocations=9 (full 0):
 garbage-first heap   total 319488K, used 229838K [0x0000000711e00000, 0x0000000800000000)
  region size 1024K, 112 young (114688K), 16 survivors (16384K)
 Metaspace       used 1240K, capacity 4855K, committed 5120K, reserved 1056768K
  class space    used 85K, capacity 448K, committed 512K, reserved 1048576K
}
Event: 3.621 GC heap after
{Heap after GC invocations=10 (full 0):
 garbage-first heap   total 319488K, used 148480K [0x0000000711e00000, 0x0000000800000000)
  region size 1024K, 14 young (14336K), 14 survivors (14336K)
 Metaspace       used 1240K, capacity 4855K, committed 5120K, reserved 1056768K
  class space    used 85K, capacity 448K, committed 512K, reserved 1048576K
}
Event: 3.672 GC heap before
{Heap before GC invocations=10 (full 0):
 garbage-first heap   total 319488K, used 240640K [0x0000000711e00000, 0x0000000800000000)
  region size 1024K, 104 young (106496K), 14 survivors (14336K)
 Metaspace       used 1240K, capacity 4855K, committed 5120K, reserved 1056768K
  class space    used 85K, capacity 448K, committed 512K, reserved 1048576K
}
Event: 3.692 GC heap after
{Heap after GC invocations=11 (full 0):
 garbage-first heap   total 512000K, used 166912K [0x0000000711e00000, 0x0000000800000000)
  region size 1024K, 13 young (13312K), 13 survivors (13312K)
 Metaspace       used 1240K, capacity 4855K, committed 5120K, reserved 1056768K
  class space    used 85K, capacity 448K, committed 512K, reserved 1048576K
}
Event: 3.877 GC heap before
{Heap before GC invocations=11 (full 0):
 garbage-first heap   total 512000K, used 313344K [0x0000000711e00000, 0x0000000800000000)
  region size 1024K, 156 young (159744K), 13 survivors (13312K)
 Metaspace       used 1247K, capacity 4855K, committed 5120K, reserved 1056768K
  class space    used 85K, capacity 448K, committed 512K, reserved 1048576K
}
Event: 3.899 GC heap after
{Heap after GC invocations=12 (full 0):
 garbage-first heap   total 512000K, used 186587K [0x0000000711e00000, 0x0000000800000000)
  region size 1024K, 19 young (19456K), 19 survivors (19456K)
 Metaspace       used 1247K, capacity 4855K, committed 5120K, reserved 1056768K
  class space    used 85K, capacity 448K, committed 512K, reserved 1048576K
}
Event: 4.041 GC heap before
{Heap before GC invocations=12 (full 0):
 garbage-first heap   total 512000K, used 343259K [0x0000000711e00000, 0x0000000800000000)
  region size 1024K, 172 young (176128K), 19 survivors (19456K)
 Metaspace       used 1310K, capacity 4855K, committed 5120K, reserved 1056768K
  class space    used 91K, capacity 448K, committed 512K, reserved 1048576K
}
Event: 4.057 GC heap after
{Heap after GC invocations=13 (full 0):
 garbage-first heap   total 512000K, used 189195K [0x0000000711e00000, 0x0000000800000000)
  region size 1024K, 3 young (3072K), 3 survivors (3072K)
 Metaspace       used 1310K, capacity 4855K, committed 5120K, reserved 1056768K
  class space    used 91K, capacity 448K, committed 512K, reserved 1048576K
}
Event: 4.188 GC heap before
{Heap before GC invocations=13 (full 0):
 garbage-first heap   total 512000K, used 381707K [0x0000000711e00000, 0x0000000800000000)
  region size 1024K, 191 young (195584K), 3 survivors (3072K)
 Metaspace       used 1310K, capacity 4855K, committed 5120K, reserved 1056768K
  class space    used 91K, capacity 448K, committed 512K, reserved 1048576K
}
Event: 4.193 GC heap after
{Heap after GC invocations=14 (full 0):
 garbage-first heap   total 512000K, used 187645K [0x0000000711e00000, 0x0000000800000000)
  region size 1024K, 1 young (1024K), 1 survivors (1024K)
 Metaspace       used 1310K, capacity 4855K, committed 5120K, reserved 1056768K
  class space    used 91K, capacity 448K, committed 512K, reserved 1048576K
}
Event: 4.568 GC heap before
{Heap before GC invocations=14 (full 0):
 garbage-first heap   total 512000K, used 404733K [0x0000000711e00000, 0x0000000800000000)
  region size 1024K, 213 young (218112K), 1 survivors (1024K)
 Metaspace       used 1454K, capacity 4864K, committed 5120K, reserved 1056768K
  class space    used 95K, capacity 451K, committed 512K, reserved 1048576K
}

