# JRE version: Java(TM) SE Runtime Environment (13.0.1+9) (build 13.0.1+9)
# Java VM: Java HotSpot(TM) 64-Bit Server VM (13.0.1+9, mixed mode, sharing, tiered, compressed oops, g1 gc, windows-amd64)
Heap:
 garbage-first heap   total 1144832K, used 190488K [0x0000000711e00000, 0x0000000800000000)
  region size 1024K, 3 young (3072K), 3 survivors (3072K)
 Metaspace       used 1445K, capacity 4864K, committed 5120K, reserved 1056768K
  class space    used 95K, capacity 451K, committed 512K, reserved 1048576K
GC Heap History (20 events):
Event: 2.887 GC heap after
{Heap after GC invocations=5 (full 0):
 garbage-first heap   total 245760K, used 38020K [0x0000000711e00000, 0x0000000800000000)
  region size 1024K, 8 young (8192K), 8 survivors (8192K)
 Metaspace       used 1219K, capacity 4855K, committed 5120K, reserved 1056768K
  class space    used 85K, capacity 448K, committed 512K, reserved 1048576K
}
Event: 2.982 GC heap before
{Heap before GC invocations=5 (full 0):
 garbage-first heap   total 245760K, used 133252K [0x0000000711e00000, 0x0000000800000000)
  region size 1024K, 101 young (103424K), 8 survivors (8192K)
 Metaspace       used 1219K, capacity 4855K, committed 5120K, reserved 1056768K
  class space    used 85K, capacity 448K, committed 512K, reserved 1048576K
}
Event: 3.010 GC heap after
{Heap after GC invocations=6 (full 0):
 garbage-first heap   total 245760K, used 61099K [0x0000000711e00000, 0x0000000800000000)
  region size 1024K, 13 young (13312K), 13 survivors (13312K)
 Metaspace       used 1219K, capacity 4855K, committed 5120K, reserved 1056768K
  class space    used 85K, capacity 448K, committed 512K, reserved 1048576K
}
Event: 3.074 GC heap before
{Heap before GC invocations=6 (full 0):
 garbage-first heap   total 245760K, used 150187K [0x0000000711e00000, 0x0000000800000000)
  region size 1024K, 100 young (102400K), 13 survivors (13312K)
 Metaspace       used 1219K, capacity 4855K, committed 5120K, reserved 1056768K
  class space    used 85K, capacity 448K, committed 512K, reserved 1048576K
}
Event: 3.101 GC heap after
{Heap after GC invocations=7 (full 0):
 garbage-first heap   total 320512K, used 79360K [0x0000000711e00000, 0x0000000800000000)
  region size 1024K, 13 young (13312K), 13 survivors (13312K)
 Metaspace       used 1219K, capacity 4855K, committed 5120K, reserved 1056768K
  class space    used 85K, capacity 448K, committed 512K, reserved 1048576K
}
Event: 3.214 GC heap before
{Heap before GC invocations=7 (full 0):
 garbage-first heap   total 320512K, used 187904K [0x0000000711e00000, 0x0000000800000000)
  region size 1024K, 119 young (121856K), 13 survivors (13312K)
 Metaspace       used 1219K, capacity 4855K, committed 5120K, reserved 1056768K
  class space    used 85K, capacity 448K, committed 512K, reserved 1048576K
}
Event: 3.233 GC heap after
{Heap after GC invocations=8 (full 0):
 garbage-first heap   total 320512K, used 97742K [0x0000000711e00000, 0x0000000800000000)
  region size 1024K, 15 young (15360K), 15 survivors (15360K)
 Metaspace       used 1219K, capacity 4855K, committed 5120K, reserved 1056768K
  class space    used 85K, capacity 448K, committed 512K, reserved 1048576K
}
Event: 3.334 GC heap before
{Heap before GC invocations=8 (full 0):
 garbage-first heap   total 320512K, used 210382K [0x0000000711e00000, 0x0000000800000000)
  region size 1024K, 125 young (128000K), 15 survivors (15360K)
 Metaspace       used 1232K, capacity 4855K, committed 5120K, reserved 1056768K
  class space    used 85K, capacity 448K, committed 512K, reserved 1048576K
}
Event: 3.359 GC heap after
{Heap after GC invocations=9 (full 0):
 garbage-first heap   total 320512K, used 121670K [0x0000000711e00000, 0x0000000800000000)
  region size 1024K, 16 young (16384K), 16 survivors (16384K)
 Metaspace       used 1232K, capacity 4855K, committed 5120K, reserved 1056768K
  class space    used 85K, capacity 448K, committed 512K, reserved 1048576K
}
Event: 3.448 GC heap before
{Heap before GC invocations=9 (full 0):
 garbage-first heap   total 320512K, used 224070K [0x0000000711e00000, 0x0000000800000000)
  region size 1024K, 116 young (118784K), 16 survivors (16384K)
 Metaspace       used 1235K, capacity 4855K, committed 5120K, reserved 1056768K
  class space    used 85K, capacity 448K, committed 512K, reserved 1048576K
}
Event: 3.470 GC heap after
{Heap after GC invocations=10 (full 0):
 garbage-first heap   total 320512K, used 139264K [0x0000000711e00000, 0x0000000800000000)
  region size 1024K, 15 young (15360K), 15 survivors (15360K)
 Metaspace       used 1235K, capacity 4855K, committed 5120K, reserved 1056768K
  class space    used 85K, capacity 448K, committed 512K, reserved 1048576K
}
Event: 3.535 GC heap before
{Heap before GC invocations=10 (full 0):
 garbage-first heap   total 320512K, used 233472K [0x0000000711e00000, 0x0000000800000000)
  region size 1024K, 107 young (109568K), 15 survivors (15360K)
 Metaspace       used 1236K, capacity 4855K, committed 5120K, reserved 1056768K
  class space    used 85K, capacity 448K, committed 512K, reserved 1048576K
}
Event: 3.559 GC heap after
{Heap after GC invocations=11 (full 0):
 garbage-first heap   total 540672K, used 157176K [0x0000000711e00000, 0x0000000800000000)
  region size 1024K, 14 young (14336K), 14 survivors (14336K)
 Metaspace       used 1236K, capacity 4855K, committed 5120K, reserved 1056768K
  class space    used 85K, capacity 448K, committed 512K, reserved 1048576K
}
Event: 3.753 GC heap before
{Heap before GC invocations=11 (full 0):
 garbage-first heap   total 540672K, used 310776K [0x0000000711e00000, 0x0000000800000000)
  region size 1024K, 164 young (167936K), 14 survivors (14336K)
 Metaspace       used 1236K, capacity 4855K, committed 5120K, reserved 1056768K
  class space    used 85K, capacity 448K, committed 512K, reserved 1048576K
}
Event: 3.777 GC heap after
{Heap after GC invocations=12 (full 0):
 garbage-first heap   total 540672K, used 185767K [0x0000000711e00000, 0x0000000800000000)
  region size 1024K, 21 young (21504K), 21 survivors (21504K)
 Metaspace       used 1236K, capacity 4855K, committed 5120K, reserved 1056768K
  class space    used 85K, capacity 448K, committed 512K, reserved 1048576K
}
Event: 3.955 GC heap before
{Heap before GC invocations=12 (full 0):
 garbage-first heap   total 540672K, used 350631K [0x0000000711e00000, 0x0000000800000000)
  region size 1024K, 182 young (186368K), 21 survivors (21504K)
 Metaspace       used 1305K, capacity 4855K, committed 5120K, reserved 1056768K
  class space    used 91K, capacity 448K, committed 512K, reserved 1048576K
}
Event: 3.973 GC heap after
{Heap after GC invocations=13 (full 0):
 garbage-first heap   total 540672K, used 191444K [0x0000000711e00000, 0x0000000800000000)
  region size 1024K, 4 young (4096K), 4 survivors (4096K)
 Metaspace       used 1305K, capacity 4855K, committed 5120K, reserved 1056768K
  class space    used 91K, capacity 448K, committed 512K, reserved 1048576K
}
Event: 4.110 GC heap before
{Heap before GC invocations=13 (full 0):
 garbage-first heap   total 540672K, used 369620K [0x0000000711e00000, 0x0000000800000000)
  region size 1024K, 178 young (182272K), 4 survivors (4096K)
 Metaspace       used 1305K, capacity 4855K, committed 5120K, reserved 1056768K
  class space    used 91K, capacity 448K, committed 512K, reserved 1048576K
}
Event: 4.118 GC heap after
{Heap after GC invocations=14 (full 0):
 garbage-first heap   total 540672K, used 189321K [0x0000000711e00000, 0x0000000800000000)
  region size 1024K, 2 young (2048K), 2 survivors (2048K)
 Metaspace       used 1305K, capacity 4855K, committed 5120K, reserved 1056768K
  class space    used 91K, capacity 448K, committed 512K, reserved 1048576K
}
Event: 4.477 GC heap before
{Heap before GC invocations=14 (full 0):
 garbage-first heap   total 540672K, used 409481K [0x0000000711e00000, 0x0000000800000000)
  region size 1024K, 217 young (222208K), 2 survivors (2048K)
 Metaspace       used 1445K, capacity 4864K, committed 5120K, reserved 1056768K
  class space    used 95K, capacity 451K, committed 512K, reserved 1048576K
}

