# JRE version: Java(TM) SE Runtime Environment (13.0.1+9) (build 13.0.1+9)
# Java VM: Java HotSpot(TM) 64-Bit Server VM (13.0.1+9, mixed mode, sharing, tiered, compressed oops, g1 gc, windows-amd64)
Heap:
 garbage-first heap   total 512000K, used 209141K [0x0000000711e00000, 0x0000000800000000)
  region size 1024K, 12 young (12288K), 12 survivors (12288K)
 Metaspace       used 4994K, capacity 5228K, committed 5504K, reserved 1056768K
  class space    used 380K, capacity 528K, committed 640K, reserved 1048576K
GC Heap History (20 events):
Event: 36.064 GC heap after
{Heap after GC invocations=32 (full 0):
 garbage-first heap   total 354304K, used 177782K [0x0000000711e00000, 0x0000000800000000)
  region size 1024K, 12 young (12288K), 12 survivors (12288K)
 Metaspace       used 4670K, capacity 5155K, committed 5504K, reserved 1056768K
  class space    used 370K, capacity 525K, committed 640K, reserved 1048576K
}
Event: 36.160 GC heap before
{Heap before GC invocations=32 (full 0):
 garbage-first heap   total 354304K, used 288374K [0x0000000711e00000, 0x0000000800000000)
  region size 1024K, 120 young (122880K), 12 survivors (12288K)
 Metaspace       used 4670K, capacity 5155K, committed 5504K, reserved 1056768K
  class space    used 370K, capacity 525K, committed 640K, reserved 1048576K
}
Event: 36.172 GC heap after
{Heap after GC invocations=33 (full 0):
 garbage-first heap   total 354304K, used 178862K [0x0000000711e00000, 0x0000000800000000)
  region size 1024K, 7 young (7168K), 7 survivors (7168K)
 Metaspace       used 4670K, capacity 5155K, committed 5504K, reserved 1056768K
  class space    used 370K, capacity 525K, committed 640K, reserved 1048576K
}
Event: 36.315 GC heap before
{Heap before GC invocations=33 (full 0):
 garbage-first heap   total 354304K, used 293550K [0x0000000711e00000, 0x0000000800000000)
  region size 1024K, 119 young (121856K), 7 survivors (7168K)
 Metaspace       used 4732K, capacity 5219K, committed 5504K, reserved 1056768K
  class space    used 375K, capacity 525K, committed 640K, reserved 1048576K
}
Event: 36.323 GC heap after
{Heap after GC invocations=34 (full 0):
 garbage-first heap   total 354304K, used 178592K [0x0000000711e00000, 0x0000000800000000)
  region size 1024K, 7 young (7168K), 7 survivors (7168K)
 Metaspace       used 4732K, capacity 5219K, committed 5504K, reserved 1056768K
  class space    used 375K, capacity 525K, committed 640K, reserved 1048576K
}
Event: 36.659 GC heap before
{Heap before GC invocations=35 (full 0):
 garbage-first heap   total 354304K, used 297376K [0x0000000711e00000, 0x0000000800000000)
  region size 1024K, 123 young (125952K), 7 survivors (7168K)
 Metaspace       used 4786K, capacity 5219K, committed 5504K, reserved 1056768K
  class space    used 375K, capacity 525K, committed 640K, reserved 1048576K
}
Event: 36.670 GC heap after
{Heap after GC invocations=36 (full 0):
 garbage-first heap   total 354304K, used 179527K [0x0000000711e00000, 0x0000000800000000)
  region size 1024K, 8 young (8192K), 8 survivors (8192K)
 Metaspace       used 4786K, capacity 5219K, committed 5504K, reserved 1056768K
  class space    used 375K, capacity 525K, committed 640K, reserved 1048576K
}
Event: 36.894 GC heap before
{Heap before GC invocations=36 (full 0):
 garbage-first heap   total 354304K, used 299335K [0x0000000711e00000, 0x0000000800000000)
  region size 1024K, 125 young (128000K), 8 survivors (8192K)
 Metaspace       used 4806K, capacity 5219K, committed 5504K, reserved 1056768K
  class space    used 376K, capacity 525K, committed 640K, reserved 1048576K
}
Event: 36.903 GC heap after
{Heap after GC invocations=37 (full 0):
 garbage-first heap   total 354304K, used 178040K [0x0000000711e00000, 0x0000000800000000)
  region size 1024K, 6 young (6144K), 6 survivors (6144K)
 Metaspace       used 4806K, capacity 5219K, committed 5504K, reserved 1056768K
  class space    used 376K, capacity 525K, committed 640K, reserved 1048576K
}
Event: 36.999 GC heap before
{Heap before GC invocations=37 (full 0):
 garbage-first heap   total 354304K, used 301944K [0x0000000711e00000, 0x0000000800000000)
  region size 1024K, 127 young (130048K), 6 survivors (6144K)
 Metaspace       used 4806K, capacity 5219K, committed 5504K, reserved 1056768K
  class space    used 376K, capacity 525K, committed 640K, reserved 1048576K
}
Event: 37.006 GC heap after
{Heap after GC invocations=38 (full 0):
 garbage-first heap   total 354304K, used 178592K [0x0000000711e00000, 0x0000000800000000)
  region size 1024K, 7 young (7168K), 7 survivors (7168K)
 Metaspace       used 4806K, capacity 5219K, committed 5504K, reserved 1056768K
  class space    used 376K, capacity 525K, committed 640K, reserved 1048576K
}
Event: 37.091 GC heap before
{Heap before GC invocations=38 (full 0):
 garbage-first heap   total 354304K, used 304544K [0x0000000711e00000, 0x0000000800000000)
  region size 1024K, 130 young (133120K), 7 survivors (7168K)
 Metaspace       used 4806K, capacity 5219K, committed 5504K, reserved 1056768K
  class space    used 376K, capacity 525K, committed 640K, reserved 1048576K
}
Event: 37.102 GC heap after
{Heap after GC invocations=39 (full 0):
 garbage-first heap   total 425984K, used 178722K [0x0000000711e00000, 0x0000000800000000)
  region size 1024K, 7 young (7168K), 7 survivors (7168K)
 Metaspace       used 4806K, capacity 5219K, committed 5504K, reserved 1056768K
  class space    used 376K, capacity 525K, committed 640K, reserved 1048576K
}
Event: 37.570 GC heap before
{Heap before GC invocations=40 (full 0):
 garbage-first heap   total 425984K, used 351778K [0x0000000711e00000, 0x0000000800000000)
  region size 1024K, 176 young (180224K), 7 survivors (7168K)
 Metaspace       used 4959K, capacity 5228K, committed 5504K, reserved 1056768K
  class space    used 380K, capacity 528K, committed 640K, reserved 1048576K
}
Event: 37.579 GC heap after
{Heap after GC invocations=41 (full 0):
 garbage-first heap   total 425984K, used 180351K [0x0000000711e00000, 0x0000000800000000)
  region size 1024K, 9 young (9216K), 9 survivors (9216K)
 Metaspace       used 4959K, capacity 5228K, committed 5504K, reserved 1056768K
  class space    used 380K, capacity 528K, committed 640K, reserved 1048576K
}
Event: 39.625 GC heap before
{Heap before GC invocations=41 (full 0):
 garbage-first heap   total 425984K, used 363647K [0x0000000711e00000, 0x0000000800000000)
  region size 1024K, 188 young (192512K), 9 survivors (9216K)
 Metaspace       used 4976K, capacity 5228K, committed 5504K, reserved 1056768K
  class space    used 380K, capacity 528K, committed 640K, reserved 1048576K
}
Event: 39.641 GC heap after
{Heap after GC invocations=42 (full 0):
 garbage-first heap   total 425984K, used 193892K [0x0000000711e00000, 0x0000000800000000)
  region size 1024K, 22 young (22528K), 22 survivors (22528K)
 Metaspace       used 4976K, capacity 5228K, committed 5504K, reserved 1056768K
  class space    used 380K, capacity 528K, committed 640K, reserved 1048576K
}
Event: 41.280 GC heap before
{Heap before GC invocations=42 (full 0):
 garbage-first heap   total 425984K, used 359780K [0x0000000711e00000, 0x0000000800000000)
  region size 1024K, 184 young (188416K), 22 survivors (22528K)
 Metaspace       used 4980K, capacity 5228K, committed 5504K, reserved 1056768K
  class space    used 380K, capacity 528K, committed 640K, reserved 1048576K
}
Event: 41.298 GC heap after
{Heap after GC invocations=43 (full 0):
 garbage-first heap   total 425984K, used 202614K [0x0000000711e00000, 0x0000000800000000)
  region size 1024K, 13 young (13312K), 13 survivors (13312K)
 Metaspace       used 4980K, capacity 5228K, committed 5504K, reserved 1056768K
  class space    used 380K, capacity 528K, committed 640K, reserved 1048576K
}
Event: 42.815 GC heap before
{Heap before GC invocations=43 (full 0):
 garbage-first heap   total 425984K, used 355190K [0x0000000711e00000, 0x0000000800000000)
  region size 1024K, 162 young (165888K), 13 survivors (13312K)
 Metaspace       used 4994K, capacity 5228K, committed 5504K, reserved 1056768K
  class space    used 380K, capacity 528K, committed 640K, reserved 1048576K
}

